<?xml version="1.0" encoding="UTF-8"?>
<!-- Generated by org.testng.reporters.JUnitReportReporter -->
<testsuite hostname="Arunkumar" failures="0" tests="1" name="DifferentWays.CreateProjectUsingHashMapTest" time="1.903" errors="0" timestamp="2021-12-09T07:20:16 IST" skipped="0">
  <testcase classname="DifferentWays.CreateProjectUsingHashMapTest" name="usingHashMap" time="1.903"/>
  <system-out/>
</testsuite> <!-- DifferentWays.CreateProjectUsingHashMapTest -->
