<?xml version="1.0" encoding="UTF-8"?>
<!-- Generated by org.testng.reporters.JUnitReportReporter -->
<testsuite hostname="Arunkumar" failures="0" tests="1" name="Parameters.QueryParameterTest" time="3.446" errors="0" timestamp="2021-12-09T17:55:24 IST" skipped="0">
  <testcase classname="Parameters.QueryParameterTest" name="queryParameter" time="3.446"/>
  <system-out/>
</testsuite> <!-- Parameters.QueryParameterTest -->
