<?xml version="1.0" encoding="UTF-8"?>
<!-- Generated by org.testng.reporters.JUnitReportReporter -->
<testsuite hostname="Arunkumar" failures="0" tests="1" name="FirstPackage.GetAllProjectsTest" time="1.433" errors="0" timestamp="2021-12-25T15:52:21 IST" skipped="0">
  <testcase classname="FirstPackage.GetAllProjectsTest" name="getAllProjects" time="1.433"/>
  <system-out/>
</testsuite> <!-- FirstPackage.GetAllProjectsTest -->
