<?xml version="1.0" encoding="UTF-8"?>
<!-- Generated by org.testng.reporters.JUnitReportReporter -->
<testsuite hostname="Arunkumar" failures="0" tests="1" name="SimpleWay.CreateUsingPostTest" time="1.928" errors="0" timestamp="2021-12-08T21:02:31 IST" skipped="0">
  <testcase classname="SimpleWay.CreateUsingPostTest" name="createUsingPost" time="1.928"/>
  <system-out/>
</testsuite> <!-- SimpleWay.CreateUsingPostTest -->
