<?xml version="1.0" encoding="UTF-8"?>
<!-- Generated by org.testng.reporters.JUnitReportReporter -->
<testsuite hostname="Arunkumar" failures="0" tests="1" name="SimpleWay.UpdateUsingPutTest" time="0.079" errors="0" timestamp="2021-12-16T15:21:54 IST" skipped="0">
  <testcase classname="SimpleWay.UpdateUsingPutTest" name="updateUsingPut" time="0.079"/>
  <system-out/>
</testsuite> <!-- SimpleWay.UpdateUsingPutTest -->
