<?xml version="1.0" encoding="UTF-8"?>
<!-- Generated by org.testng.reporters.JUnitReportReporter -->
<testsuite hostname="Arunkumar" failures="0" tests="1" name="SimpleWay.GetProjectsTest" time="1.384" errors="0" timestamp="2021-12-25T16:13:06 IST" skipped="0">
  <testcase classname="SimpleWay.GetProjectsTest" name="getProjects" time="1.384"/>
  <system-out/>
</testsuite> <!-- SimpleWay.GetProjectsTest -->
