<?xml version="1.0" encoding="UTF-8"?>
<!-- Generated by org.testng.reporters.JUnitReportReporter -->
<testsuite hostname="Arunkumar" failures="0" tests="1" name="Response.ValidateDynamicResponseTest" time="1.880" errors="0" timestamp="2021-12-09T15:43:52 IST" skipped="0">
  <testcase classname="Response.ValidateDynamicResponseTest" name="dynamicResponse" time="1.880"/>
  <system-out/>
</testsuite> <!-- Response.ValidateDynamicResponseTest -->
