<?xml version="1.0" encoding="UTF-8"?>
<!-- Generated by org.testng.reporters.JUnitReportReporter -->
<testsuite hostname="Arunkumar" failures="0" tests="2" name="DifferentWays.CreateProjectUsingDataProviderTest" time="1.632" errors="0" timestamp="2021-12-09T15:11:41 IST" skipped="0">
  <testcase classname="DifferentWays.CreateProjectUsingDataProviderTest" name="createProject" time="0.040"/>
  <system-out/>
  <testcase classname="DifferentWays.CreateProjectUsingDataProviderTest" name="createProject" time="1.592"/>
  <system-out/>
</testsuite> <!-- DifferentWays.CreateProjectUsingDataProviderTest -->
