<?xml version="1.0" encoding="UTF-8"?>
<!-- Generated by org.testng.reporters.JUnitReportReporter -->
<testsuite hostname="Arunkumar" failures="0" tests="1" name="DifferentWays.CreateProjectUsingHashMapTest" time="0.042" errors="0" timestamp="2021-12-16T12:48:17 IST" skipped="0">
  <testcase classname="DifferentWays.CreateProjectUsingHashMapTest" name="usingHashMap" time="0.042"/>
  <system-out/>
</testsuite> <!-- DifferentWays.CreateProjectUsingHashMapTest -->
