<?xml version="1.0" encoding="UTF-8"?>
<!-- Generated by org.testng.reporters.JUnitReportReporter -->
<testsuite hostname="Arunkumar" failures="0" tests="1" name="End_to_End_Scenario.DeleteAllResourcesTest" time="1.624" errors="0" timestamp="2021-12-16T09:39:51 IST" skipped="0">
  <testcase classname="End_to_End_Scenario.DeleteAllResourcesTest" name="deleteAllResources" time="1.624"/>
  <system-out/>
</testsuite> <!-- End_to_End_Scenario.DeleteAllResourcesTest -->
