<?xml version="1.0" encoding="UTF-8"?>
<!-- Generated by org.testng.reporters.JUnitReportReporter -->
<testsuite hostname="Arunkumar" failures="0" tests="1" name="End_to_End_Scenario.EndToEndScenarioTest" time="2.561" errors="0" timestamp="2021-12-12T11:56:15 IST" skipped="0">
  <testcase classname="End_to_End_Scenario.EndToEndScenarioTest" name="endToEndScenario" time="2.561"/>
  <system-out/>
</testsuite> <!-- End_to_End_Scenario.EndToEndScenarioTest -->
