<?xml version="1.0" encoding="UTF-8"?>
<!-- Generated by org.testng.reporters.JUnitReportReporter -->
<testsuite hostname="Arunkumar" failures="0" tests="1" name="Authentication.BarerTokenTest" time="2.606" errors="0" timestamp="2021-12-16T12:41:43 IST" skipped="0">
  <testcase classname="Authentication.BarerTokenTest" name="barerToken" time="2.606"/>
  <system-out/>
</testsuite> <!-- Authentication.BarerTokenTest -->
