<?xml version="1.0" encoding="UTF-8"?>
<!-- Generated by org.testng.reporters.JUnitReportReporter -->
<testsuite hostname="Arunkumar" failures="0" tests="1" name="RequestChaining.RequestChaining" time="2.096" errors="0" timestamp="2021-12-09T17:43:53 IST" skipped="0">
  <testcase classname="RequestChaining.RequestChaining" name="createToDelete" time="2.096"/>
  <system-out/>
</testsuite> <!-- RequestChaining.RequestChaining -->
