<?xml version="1.0" encoding="UTF-8"?>
<!-- Generated by org.testng.reporters.JUnitReportReporter -->
<testsuite hostname="Arunkumar" failures="0" tests="1" name="SimpleWay.CreateUsingPostTest" time="2.491" errors="0" timestamp="2021-12-16T15:21:54 IST" skipped="0">
  <testcase classname="SimpleWay.CreateUsingPostTest" name="createUsingPost" time="2.491"/>
  <system-out/>
</testsuite> <!-- SimpleWay.CreateUsingPostTest -->
