<?xml version="1.0" encoding="UTF-8"?>
<!-- Generated by org.testng.reporters.JUnitReportReporter -->
<testsuite hostname="Arunkumar" failures="0" tests="1" name="End_to_End_Scenario.EndToEndTest" time="2.752" errors="0" timestamp="2021-12-16T12:50:18 IST" skipped="0">
  <testcase classname="End_to_End_Scenario.EndToEndTest" name="endToEnd" time="2.752"/>
  <system-out/>
</testsuite> <!-- End_to_End_Scenario.EndToEndTest -->
