<?xml version="1.0" encoding="UTF-8"?>
<!-- Generated by org.testng.reporters.JUnitReportReporter -->
<testsuite hostname="Arunkumar" failures="0" tests="1" name="Response.ValidateStaticResponseTest" time="1.928" errors="0" timestamp="2021-12-09T15:37:04 IST" skipped="0">
  <testcase classname="Response.ValidateStaticResponseTest" name="staticResponse" time="1.928"/>
  <system-out/>
</testsuite> <!-- Response.ValidateStaticResponseTest -->
