<?xml version="1.0" encoding="UTF-8"?>
<!-- Generated by org.testng.reporters.JUnitReportReporter -->
<testsuite hostname="Arunkumar" failures="0" tests="1" name="Parameters.QueryParameterTest" time="1.997" errors="0" timestamp="2021-12-12T12:24:03 IST" skipped="0">
  <testcase classname="Parameters.QueryParameterTest" name="queryParameter" time="1.997"/>
  <system-out/>
</testsuite> <!-- Parameters.QueryParameterTest -->
