<?xml version="1.0" encoding="UTF-8"?>
<!-- Generated by org.testng.reporters.JUnitReportReporter -->
<testsuite hostname="Arunkumar" failures="0" tests="1" name="SimpleWay.RequestChaining" time="1.921" errors="0" timestamp="2021-12-09T17:14:42 IST" skipped="0">
  <testcase classname="SimpleWay.RequestChaining" name="deleteProject" time="1.921"/>
  <system-out/>
</testsuite> <!-- SimpleWay.RequestChaining -->
