<?xml version="1.0" encoding="UTF-8"?>
<!-- Generated by org.testng.reporters.JUnitReportReporter -->
<testsuite hostname="Arunkumar" failures="0" tests="1" name="Authentication.BarerTokenTest" time="1.878" errors="0" timestamp="2021-12-25T16:41:09 IST" skipped="0">
  <testcase classname="Authentication.BarerTokenTest" name="barerToken" time="1.878"/>
  <system-out/>
</testsuite> <!-- Authentication.BarerTokenTest -->
