<?xml version="1.0" encoding="UTF-8"?>
<!-- Generated by org.testng.reporters.JUnitReportReporter -->
<testsuite hostname="Arunkumar" failures="0" tests="1" name="DifferentWays.CreateProjectUsingJsonObjectTest" time="1.887" errors="0" timestamp="2021-12-16T12:48:17 IST" skipped="0">
  <testcase classname="DifferentWays.CreateProjectUsingJsonObjectTest" name="usingJsonObject" time="1.887"/>
  <system-out/>
</testsuite> <!-- DifferentWays.CreateProjectUsingJsonObjectTest -->
