<?xml version="1.0" encoding="UTF-8"?>
<!-- Generated by org.testng.reporters.JUnitReportReporter -->
<testsuite hostname="Arunkumar" failures="0" tests="1" name="SimpleWay.CreateUsingPostTest" time="1.792" errors="0" timestamp="2021-12-16T12:49:48 IST" skipped="0">
  <testcase classname="SimpleWay.CreateUsingPostTest" name="createUsingPost" time="1.792"/>
  <system-out/>
</testsuite> <!-- SimpleWay.CreateUsingPostTest -->
