<?xml version="1.0" encoding="UTF-8"?>
<!-- Generated by org.testng.reporters.JUnitReportReporter -->
<testsuite hostname="Arunkumar" failures="0" tests="1" name="Parameters.GitHubPathParameterTest" time="2.490" errors="0" timestamp="2021-12-10T15:13:43 IST" skipped="0">
  <testcase classname="Parameters.GitHubPathParameterTest" name="gitHubPathParameter" time="2.490"/>
  <system-out/>
</testsuite> <!-- Parameters.GitHubPathParameterTest -->
