<?xml version="1.0" encoding="UTF-8"?>
<!-- Generated by org.testng.reporters.JUnitReportReporter -->
<testsuite hostname="Arunkumar" failures="0" tests="1" name="End_to_End_Scenario.HardCodingEndToEndTest" time="0.106" errors="0" timestamp="2021-12-16T12:50:18 IST" skipped="0">
  <testcase classname="End_to_End_Scenario.HardCodingEndToEndTest" name="hardCodingEndToEnd" time="0.106"/>
  <system-out/>
</testsuite> <!-- End_to_End_Scenario.HardCodingEndToEndTest -->
