<?xml version="1.0" encoding="UTF-8"?>
<!-- Generated by org.testng.reporters.JUnitReportReporter -->
<testsuite hostname="Arunkumar" failures="0" tests="1" name="SimpleWay.GetProjectsTest" time="0.137" errors="0" timestamp="2021-12-16T15:21:54 IST" skipped="0">
  <testcase classname="SimpleWay.GetProjectsTest" name="getProjects" time="0.137"/>
  <system-out/>
</testsuite> <!-- SimpleWay.GetProjectsTest -->
