<?xml version="1.0" encoding="UTF-8"?>
<!-- Generated by org.testng.reporters.JUnitReportReporter -->
<testsuite hostname="Arunkumar" failures="0" tests="1" name="FirstPackage.CreateProjectTest" time="2.019" errors="0" timestamp="2021-12-09T07:16:30 IST" skipped="0">
  <testcase classname="FirstPackage.CreateProjectTest" name="createProject" time="2.019"/>
  <system-out/>
</testsuite> <!-- FirstPackage.CreateProjectTest -->
