<?xml version="1.0" encoding="UTF-8"?>
<!-- Generated by org.testng.reporters.JUnitReportReporter -->
<testsuite hostname="Arunkumar" failures="0" tests="1" name="Parameters.PathParameterTest" time="1.386" errors="0" timestamp="2021-12-09T17:12:21 IST" skipped="0">
  <testcase classname="Parameters.PathParameterTest" name="pathParameter" time="1.386"/>
  <system-out/>
</testsuite> <!-- Parameters.PathParameterTest -->
