<?xml version="1.0" encoding="UTF-8"?>
<!-- Generated by org.testng.reporters.JUnitReportReporter -->
<testsuite hostname="Arunkumar" failures="0" tests="1" name="Authentication.OAuthTest" time="4.683" errors="0" timestamp="2021-12-16T15:21:18 IST" skipped="0">
  <testcase classname="Authentication.OAuthTest" name="oAuth" time="4.683"/>
  <system-out/>
</testsuite> <!-- Authentication.OAuthTest -->
